<?xml version="1.0" encoding="UTF-8"?>
<!-- Generated by org.testng.reporters.JUnitXMLReporter -->
<testsuite ignored="2" hostname="TYSS-Chaithra" failures="1" tests="3" name="Test" time="27.39" errors="0" timestamp="2025-01-18T12:58:42 IST">
  <testcase classname="swagLabs.InventoryTests.AddProductToCartTest" name="sampleTest" time="0.022">
    <failure type="java.lang.AssertionError" message="null">
      <![CDATA[java.lang.AssertionError: null
at swagLabs.InventoryTests.AddProductToCartTest.sampleTest(AddProductToCartTest.java:57)
at java.base/java.util.ArrayList.forEach(ArrayList.java:1541)
... Removed 29 stack frames]]>
    </failure>
  </testcase> <!-- sampleTest -->
  <testcase classname="swagLabs.InventoryTests.AddProductToCartTest" name="tc_001_AddProductToCartTest" time="2.598"/>
  <testcase classname="swagLabs.InventoryTests.RemoveProductTest" name="tc_002_removeProductTest" time="0.002"/>
  <testcase classname="swagLabs.GenericUtility.BaseClass" name="@BeforeSuite bsConfig" time="0.0">
    <ignored/>
  </testcase> <!-- @BeforeSuite bsConfig -->
  <testcase classname="swagLabs.GenericUtility.BaseClass" name="@AfterSuite asConfig" time="0.0">
    <ignored/>
  </testcase> <!-- @AfterSuite asConfig -->
</testsuite> <!-- Test -->
